<?xml version="1.0" encoding="UTF-8"?>
<testng-results ignored="0" total="2" passed="2" failed="0" skipped="0">
  <reporter-output>
    <line>
      <![CDATA[Logged in to the browser]]>
    </line>
    <line>
      <![CDATA[Logged in to the appa]]>
    </line>
    <line>
      <![CDATA[Send the succesfully Contact details]]>
    </line>
    <line>
      <![CDATA[logged out from the app]]>
    </line>
    <line>
      <![CDATA[Logged in to the appa]]>
    </line>
    <line>
      <![CDATA[Send the succesfully Contact details]]>
    </line>
    <line>
      <![CDATA[logged out from the app]]>
    </line>
    <line>
      <![CDATA[Closed the browser]]>
    </line>
  </reporter-output>
  <suite started-at="2023-09-19T12:14:38 IST" name="Suite" finished-at="2023-09-19T12:15:45 IST" duration-ms="67387">
    <groups>
    </groups>
    <test started-at="2023-09-19T12:14:38 IST" name="Test" finished-at="2023-09-19T12:15:45 IST" duration-ms="67387">
      <class name="com.testscripts.demoblaze.Contact_Page">
        <test-method is-config="true" signature="configBS()[pri:0, instance:com.testscripts.demoblaze.Contact_Page@14028087]" started-at="2023-09-19T12:14:38 IST" name="configBS" finished-at="2023-09-19T12:14:52 IST" duration-ms="14282" status="PASS">
          <reporter-output>
            <line>
              <![CDATA[Logged in to the browser]]>
            </line>
          </reporter-output>
        </test-method> <!-- configBS -->
        <test-method is-config="true" signature="configBM()[pri:0, instance:com.testscripts.demoblaze.Contact_Page@14028087]" started-at="2023-09-19T12:14:54 IST" name="configBM" finished-at="2023-09-19T12:15:16 IST" duration-ms="21436" status="PASS">
          <reporter-output>
            <line>
              <![CDATA[Logged in to the appa]]>
            </line>
          </reporter-output>
        </test-method> <!-- configBM -->
        <test-method signature="contactPageTest(java.lang.String,java.lang.String)[pri:0, instance:com.testscripts.demoblaze.Contact_Page@14028087]" started-at="2023-09-19T12:15:16 IST" name="contactPageTest" data-provider="contactTest" finished-at="2023-09-19T12:15:19 IST" duration-ms="3127" status="PASS">
          <params>
            <param index="0">
              <value>
                <![CDATA[test1@gmail.com]]>
              </value>
            </param>
            <param index="1">
              <value>
                <![CDATA[Test1]]>
              </value>
            </param>
          </params>
          <reporter-output>
            <line>
              <![CDATA[Send the succesfully Contact details]]>
            </line>
          </reporter-output>
        </test-method> <!-- contactPageTest -->
        <test-method is-config="true" signature="configAM()[pri:0, instance:com.testscripts.demoblaze.Contact_Page@14028087]" started-at="2023-09-19T12:15:19 IST" name="configAM" finished-at="2023-09-19T12:15:20 IST" duration-ms="1595" status="PASS">
          <reporter-output>
            <line>
              <![CDATA[logged out from the app]]>
            </line>
          </reporter-output>
        </test-method> <!-- configAM -->
        <test-method is-config="true" signature="configBM()[pri:0, instance:com.testscripts.demoblaze.Contact_Page@14028087]" started-at="2023-09-19T12:15:20 IST" name="configBM" finished-at="2023-09-19T12:15:40 IST" duration-ms="19920" status="PASS">
          <reporter-output>
            <line>
              <![CDATA[Logged in to the appa]]>
            </line>
          </reporter-output>
        </test-method> <!-- configBM -->
        <test-method signature="contactPageTest(java.lang.String,java.lang.String)[pri:0, instance:com.testscripts.demoblaze.Contact_Page@14028087]" started-at="2023-09-19T12:15:40 IST" name="contactPageTest" data-provider="contactTest" finished-at="2023-09-19T12:15:43 IST" duration-ms="2986" status="PASS">
          <params>
            <param index="0">
              <value>
                <![CDATA[test2@gmail.com]]>
              </value>
            </param>
            <param index="1">
              <value>
                <![CDATA[Test2]]>
              </value>
            </param>
          </params>
          <reporter-output>
            <line>
              <![CDATA[Send the succesfully Contact details]]>
            </line>
          </reporter-output>
        </test-method> <!-- contactPageTest -->
        <test-method is-config="true" signature="configAM()[pri:0, instance:com.testscripts.demoblaze.Contact_Page@14028087]" started-at="2023-09-19T12:15:43 IST" name="configAM" finished-at="2023-09-19T12:15:44 IST" duration-ms="522" status="PASS">
          <reporter-output>
            <line>
              <![CDATA[logged out from the app]]>
            </line>
          </reporter-output>
        </test-method> <!-- configAM -->
        <test-method is-config="true" signature="confiAS()[pri:0, instance:com.testscripts.demoblaze.Contact_Page@14028087]" started-at="2023-09-19T12:15:44 IST" name="confiAS" finished-at="2023-09-19T12:15:45 IST" duration-ms="1407" status="PASS">
          <reporter-output>
            <line>
              <![CDATA[Closed the browser]]>
            </line>
          </reporter-output>
        </test-method> <!-- confiAS -->
      </class> <!-- com.testscripts.demoblaze.Contact_Page -->
    </test> <!-- Test -->
  </suite> <!-- Suite -->
</testng-results>
