<?xml version="1.0" encoding="UTF-8"?>
<testng-results ignored="0" total="4" passed="3" failed="1" skipped="0">
  <reporter-output>
    <line>
      <![CDATA[Logged in to the browser]]>
    </line>
    <line>
      <![CDATA[Logged in to the appa]]>
    </line>
    <line>
      <![CDATA[Added to the cart]]>
    </line>
    <line>
      <![CDATA[logged out from the app]]>
    </line>
    <line>
      <![CDATA[Logged in to the appa]]>
    </line>
    <line>
      <![CDATA[Send the succesfully Contact details]]>
    </line>
    <line>
      <![CDATA[logged out from the app]]>
    </line>
    <line>
      <![CDATA[Logged in to the appa]]>
    </line>
    <line>
      <![CDATA[Send the succesfully Contact details]]>
    </line>
    <line>
      <![CDATA[logged out from the app]]>
    </line>
    <line>
      <![CDATA[Logged in to the appa]]>
    </line>
    <line>
      <![CDATA[logged out from the app]]>
    </line>
    <line>
      <![CDATA[Closed the browser]]>
    </line>
  </reporter-output>
  <suite started-at="2023-09-20T16:35:20 IST" name="Default suite" finished-at="2023-09-20T16:38:35 IST" duration-ms="194941">
    <groups>
      <group name="smoke">
        <method signature="AddToCart.addToCartTest()[pri:0, instance:com.testscripts.demoblaze.AddToCart@6e9a5ed8]" name="addToCartTest" class="com.testscripts.demoblaze.AddToCart"/>
      </group> <!-- smoke -->
    </groups>
    <test started-at="2023-09-20T16:35:20 IST" name="Default test" finished-at="2023-09-20T16:38:35 IST" duration-ms="194941">
      <class name="com.testscripts.demoblaze.AddToCart">
        <test-method is-config="true" signature="configBS()[pri:0, instance:com.testscripts.demoblaze.AddToCart@6e9a5ed8]" started-at="2023-09-20T16:35:20 IST" name="configBS" finished-at="2023-09-20T16:36:01 IST" duration-ms="41146" status="PASS">
          <reporter-output>
            <line>
              <![CDATA[Logged in to the browser]]>
            </line>
          </reporter-output>
        </test-method> <!-- configBS -->
        <test-method is-config="true" signature="configBM()[pri:0, instance:com.testscripts.demoblaze.AddToCart@6e9a5ed8]" started-at="2023-09-20T16:36:01 IST" name="configBM" finished-at="2023-09-20T16:36:22 IST" duration-ms="20965" status="PASS">
          <reporter-output>
            <line>
              <![CDATA[Logged in to the appa]]>
            </line>
          </reporter-output>
        </test-method> <!-- configBM -->
        <test-method signature="addToCartTest()[pri:0, instance:com.testscripts.demoblaze.AddToCart@6e9a5ed8]" started-at="2023-09-20T16:36:22 IST" name="addToCartTest" finished-at="2023-09-20T16:36:34 IST" duration-ms="11936" status="PASS">
          <reporter-output>
            <line>
              <![CDATA[Added to the cart]]>
            </line>
          </reporter-output>
        </test-method> <!-- addToCartTest -->
        <test-method is-config="true" signature="configAM()[pri:0, instance:com.testscripts.demoblaze.AddToCart@6e9a5ed8]" started-at="2023-09-20T16:36:34 IST" name="configAM" finished-at="2023-09-20T16:36:36 IST" duration-ms="1625" status="PASS">
          <reporter-output>
            <line>
              <![CDATA[logged out from the app]]>
            </line>
          </reporter-output>
        </test-method> <!-- configAM -->
        <test-method is-config="true" signature="confiAS()[pri:0, instance:com.testscripts.demoblaze.AddToCart@6e9a5ed8]" started-at="2023-09-20T16:38:33 IST" name="confiAS" finished-at="2023-09-20T16:38:35 IST" duration-ms="1767" status="PASS">
          <reporter-output>
            <line>
              <![CDATA[Closed the browser]]>
            </line>
          </reporter-output>
        </test-method> <!-- confiAS -->
      </class> <!-- com.testscripts.demoblaze.AddToCart -->
      <class name="com.testscripts.demoblaze.Contact_Page">
        <test-method is-config="true" signature="configBM()[pri:0, instance:com.testscripts.demoblaze.Contact_Page@7d9d0818]" started-at="2023-09-20T16:36:38 IST" name="configBM" finished-at="2023-09-20T16:36:59 IST" duration-ms="21392" status="PASS">
          <reporter-output>
            <line>
              <![CDATA[Logged in to the appa]]>
            </line>
          </reporter-output>
        </test-method> <!-- configBM -->
        <test-method signature="contactPageTest(java.lang.String,java.lang.String)[pri:0, instance:com.testscripts.demoblaze.Contact_Page@7d9d0818]" started-at="2023-09-20T16:36:59 IST" name="contactPageTest" data-provider="contactTest" finished-at="2023-09-20T16:37:02 IST" duration-ms="3077" status="PASS">
          <params>
            <param index="0">
              <value>
                <![CDATA[test1@gmail.com]]>
              </value>
            </param>
            <param index="1">
              <value>
                <![CDATA[Test1]]>
              </value>
            </param>
          </params>
          <reporter-output>
            <line>
              <![CDATA[Send the succesfully Contact details]]>
            </line>
          </reporter-output>
        </test-method> <!-- contactPageTest -->
        <test-method is-config="true" signature="configAM()[pri:0, instance:com.testscripts.demoblaze.Contact_Page@7d9d0818]" started-at="2023-09-20T16:37:02 IST" name="configAM" finished-at="2023-09-20T16:37:04 IST" duration-ms="2029" status="PASS">
          <reporter-output>
            <line>
              <![CDATA[logged out from the app]]>
            </line>
          </reporter-output>
        </test-method> <!-- configAM -->
        <test-method is-config="true" signature="configBM()[pri:0, instance:com.testscripts.demoblaze.Contact_Page@7d9d0818]" started-at="2023-09-20T16:37:04 IST" name="configBM" finished-at="2023-09-20T16:37:24 IST" duration-ms="20290" status="PASS">
          <reporter-output>
            <line>
              <![CDATA[Logged in to the appa]]>
            </line>
          </reporter-output>
        </test-method> <!-- configBM -->
        <test-method signature="contactPageTest(java.lang.String,java.lang.String)[pri:0, instance:com.testscripts.demoblaze.Contact_Page@7d9d0818]" started-at="2023-09-20T16:37:24 IST" name="contactPageTest" data-provider="contactTest" finished-at="2023-09-20T16:37:28 IST" duration-ms="3156" status="PASS">
          <params>
            <param index="0">
              <value>
                <![CDATA[test2@gmail.com]]>
              </value>
            </param>
            <param index="1">
              <value>
                <![CDATA[Test2]]>
              </value>
            </param>
          </params>
          <reporter-output>
            <line>
              <![CDATA[Send the succesfully Contact details]]>
            </line>
          </reporter-output>
        </test-method> <!-- contactPageTest -->
        <test-method is-config="true" signature="configAM()[pri:0, instance:com.testscripts.demoblaze.Contact_Page@7d9d0818]" started-at="2023-09-20T16:37:28 IST" name="configAM" finished-at="2023-09-20T16:37:28 IST" duration-ms="493" status="PASS">
          <reporter-output>
            <line>
              <![CDATA[logged out from the app]]>
            </line>
          </reporter-output>
        </test-method> <!-- configAM -->
      </class> <!-- com.testscripts.demoblaze.Contact_Page -->
      <class name="com.testscripts.demoblaze.DeleteProductFromCart">
        <test-method is-config="true" signature="configBM()[pri:0, instance:com.testscripts.demoblaze.DeleteProductFromCart@221a3fa4]" started-at="2023-09-20T16:37:28 IST" name="configBM" finished-at="2023-09-20T16:37:49 IST" duration-ms="21129" status="PASS">
          <reporter-output>
            <line>
              <![CDATA[Logged in to the appa]]>
            </line>
          </reporter-output>
        </test-method> <!-- configBM -->
        <test-method signature="DeleteProductFromCartTest()[pri:0, instance:com.testscripts.demoblaze.DeleteProductFromCart@221a3fa4]" started-at="2023-09-20T16:37:49 IST" name="DeleteProductFromCartTest" finished-at="2023-09-20T16:38:30 IST" duration-ms="40316" status="FAIL">
          <exception class="org.openqa.selenium.NoSuchElementException">
            <message>
              <![CDATA[no such element: Unable to locate element: {"method":"xpath","selector":"//td[.='Nexus 6']"}
  (Session info: chrome=117.0.5938.89)
For documentation on this error, please visit: https://www.selenium.dev/documentation/webdriver/troubleshooting/errors#no-such-element-exception
Build info: version: '4.10.0', revision: 'c14d967899'
System info: os.name: 'Windows 10', os.arch: 'amd64', os.version: '10.0', java.version: '18.0.2.1'
Driver info: org.openqa.selenium.chrome.ChromeDriver
Command: [59160c87a16363ec2ce11848d349f69d, findElement {using=xpath, value=//td[.='Nexus 6']}]
Capabilities {acceptInsecureCerts: false, browserName: chrome, browserVersion: 117.0.5938.89, chrome: {chromedriverVersion: 117.0.5938.88 (be6afae47212..., userDataDir: C:\Users\Admin\AppData\Loca...}, fedcm:accounts: true, goog:chromeOptions: {debuggerAddress: localhost:55056}, networkConnectionEnabled: false, pageLoadStrategy: normal, platformName: windows, proxy: Proxy(), se:cdp: ws://localhost:55056/devtoo..., se:cdpVersion: 117.0.5938.89, setWindowRect: true, strictFileInteractability: false, timeouts: {implicit: 0, pageLoad: 300000, script: 30000}, unhandledPromptBehavior: dismiss and notify, webauthn:extension:credBlob: true, webauthn:extension:largeBlob: true, webauthn:extension:minPinLength: true, webauthn:extension:prf: true, webauthn:virtualAuthenticators: true}
Session ID: 59160c87a16363ec2ce11848d349f69d]]>
            </message>
            <full-stacktrace>
              <![CDATA[org.openqa.selenium.NoSuchElementException: no such element: Unable to locate element: {"method":"xpath","selector":"//td[.='Nexus 6']"}
  (Session info: chrome=117.0.5938.89)
For documentation on this error, please visit: https://www.selenium.dev/documentation/webdriver/troubleshooting/errors#no-such-element-exception
Build info: version: '4.10.0', revision: 'c14d967899'
System info: os.name: 'Windows 10', os.arch: 'amd64', os.version: '10.0', java.version: '18.0.2.1'
Driver info: org.openqa.selenium.chrome.ChromeDriver
Command: [59160c87a16363ec2ce11848d349f69d, findElement {using=xpath, value=//td[.='Nexus 6']}]
Capabilities {acceptInsecureCerts: false, browserName: chrome, browserVersion: 117.0.5938.89, chrome: {chromedriverVersion: 117.0.5938.88 (be6afae47212..., userDataDir: C:\Users\Admin\AppData\Loca...}, fedcm:accounts: true, goog:chromeOptions: {debuggerAddress: localhost:55056}, networkConnectionEnabled: false, pageLoadStrategy: normal, platformName: windows, proxy: Proxy(), se:cdp: ws://localhost:55056/devtoo..., se:cdpVersion: 117.0.5938.89, setWindowRect: true, strictFileInteractability: false, timeouts: {implicit: 0, pageLoad: 300000, script: 30000}, unhandledPromptBehavior: dismiss and notify, webauthn:extension:credBlob: true, webauthn:extension:largeBlob: true, webauthn:extension:minPinLength: true, webauthn:extension:prf: true, webauthn:virtualAuthenticators: true}
Session ID: 59160c87a16363ec2ce11848d349f69d
at java.base/jdk.internal.reflect.DirectConstructorHandleAccessor.newInstance(DirectConstructorHandleAccessor.java:67)
at java.base/java.lang.reflect.Constructor.newInstanceWithCaller(Constructor.java:499)
at java.base/java.lang.reflect.Constructor.newInstance(Constructor.java:483)
at org.openqa.selenium.remote.codec.w3c.W3CHttpResponseCodec.createException(W3CHttpResponseCodec.java:199)
at org.openqa.selenium.remote.codec.w3c.W3CHttpResponseCodec.decode(W3CHttpResponseCodec.java:132)
at org.openqa.selenium.remote.codec.w3c.W3CHttpResponseCodec.decode(W3CHttpResponseCodec.java:51)
at org.openqa.selenium.remote.HttpCommandExecutor.execute(HttpCommandExecutor.java:191)
at org.openqa.selenium.remote.service.DriverCommandExecutor.invokeExecute(DriverCommandExecutor.java:196)
at org.openqa.selenium.remote.service.DriverCommandExecutor.execute(DriverCommandExecutor.java:171)
at org.openqa.selenium.remote.RemoteWebDriver.execute(RemoteWebDriver.java:531)
at org.openqa.selenium.remote.ElementLocation$ElementFinder$2.findElement(ElementLocation.java:165)
at org.openqa.selenium.remote.ElementLocation.findElement(ElementLocation.java:59)
at org.openqa.selenium.remote.RemoteWebDriver.findElement(RemoteWebDriver.java:350)
at org.openqa.selenium.remote.RemoteWebDriver.findElement(RemoteWebDriver.java:344)
at com.genericlib.demoblaze.CommonUtils.verifyProductInCart(CommonUtils.java:21)
at com.testscripts.demoblaze.DeleteProductFromCart.DeleteProductFromCartTest(DeleteProductFromCart.java:26)
at java.base/jdk.internal.reflect.DirectMethodHandleAccessor.invoke(DirectMethodHandleAccessor.java:104)
at java.base/java.lang.reflect.Method.invoke(Method.java:577)
at org.testng.internal.invokers.MethodInvocationHelper.invokeMethod(MethodInvocationHelper.java:139)
at org.testng.internal.invokers.TestInvoker.invokeMethod(TestInvoker.java:664)
at org.testng.internal.invokers.TestInvoker.invokeTestMethod(TestInvoker.java:227)
at org.testng.internal.invokers.MethodRunner.runInSequence(MethodRunner.java:50)
at org.testng.internal.invokers.TestInvoker$MethodInvocationAgent.invoke(TestInvoker.java:957)
at org.testng.internal.invokers.TestInvoker.invokeTestMethods(TestInvoker.java:200)
at org.testng.internal.invokers.TestMethodWorker.invokeTestMethods(TestMethodWorker.java:148)
at org.testng.internal.invokers.TestMethodWorker.run(TestMethodWorker.java:128)
at java.base/java.util.ArrayList.forEach(ArrayList.java:1511)
at org.testng.TestRunner.privateRun(TestRunner.java:848)
at org.testng.TestRunner.run(TestRunner.java:621)
at org.testng.SuiteRunner.runTest(SuiteRunner.java:443)
at org.testng.SuiteRunner.runSequentially(SuiteRunner.java:437)
at org.testng.SuiteRunner.privateRun(SuiteRunner.java:397)
at org.testng.SuiteRunner.run(SuiteRunner.java:336)
at org.testng.SuiteRunnerWorker.runSuite(SuiteRunnerWorker.java:52)
at org.testng.SuiteRunnerWorker.run(SuiteRunnerWorker.java:95)
at org.testng.TestNG.runSuitesSequentially(TestNG.java:1280)
at org.testng.TestNG.runSuitesLocally(TestNG.java:1200)
at org.testng.TestNG.runSuites(TestNG.java:1114)
at org.testng.TestNG.run(TestNG.java:1082)
at org.testng.remote.AbstractRemoteTestNG.run(AbstractRemoteTestNG.java:115)
at org.testng.remote.RemoteTestNG.initAndRun(RemoteTestNG.java:251)
at org.testng.remote.RemoteTestNG.main(RemoteTestNG.java:77)
]]>
            </full-stacktrace>
          </exception> <!-- org.openqa.selenium.NoSuchElementException -->
          <reporter-output>
          </reporter-output>
        </test-method> <!-- DeleteProductFromCartTest -->
        <test-method is-config="true" signature="configAM()[pri:0, instance:com.testscripts.demoblaze.DeleteProductFromCart@221a3fa4]" started-at="2023-09-20T16:38:30 IST" name="configAM" finished-at="2023-09-20T16:38:33 IST" duration-ms="3111" status="PASS">
          <reporter-output>
            <line>
              <![CDATA[logged out from the app]]>
            </line>
          </reporter-output>
        </test-method> <!-- configAM -->
      </class> <!-- com.testscripts.demoblaze.DeleteProductFromCart -->
    </test> <!-- Default test -->
  </suite> <!-- Default suite -->
</testng-results>
